2022-03-03 15:32:46,765:INFO:PyCaret Supervised Module
2022-03-03 15:32:46,769:INFO:ML Usecase: classification
2022-03-03 15:32:46,770:INFO:version 2.3.6
2022-03-03 15:32:46,770:INFO:Initializing setup()
2022-03-03 15:32:46,770:INFO:setup(target=error_cuantia_contrato, ml_usecase=classification, available_plots={'parameter': 'Hyperparameters', 'auc': 'AUC', 'confusion_matrix': 'Confusion Matrix', 'threshold': 'Threshold', 'pr': 'Precision Recall', 'error': 'Prediction Error', 'class_report': 'Class Report', 'rfe': 'Feature Selection', 'learning': 'Learning Curve', 'manifold': 'Manifold Learning', 'calibration': 'Calibration Curve', 'vc': 'Validation Curve', 'dimension': 'Dimensions', 'feature': 'Feature Importance', 'feature_all': 'Feature Importance (All)', 'boundary': 'Decision Boundary', 'lift': 'Lift Chart', 'gain': 'Gain Chart', 'tree': 'Decision Tree', 'ks': 'KS Statistic Plot'}, train_size=0.7, test_data=None, preprocess=True, imputation_type=simple, iterative_imputation_iters=5, categorical_features=None, categorical_imputation=constant, categorical_iterative_imputer=lightgbm, ordinal_features=None, high_cardinality_features=None, high_cardinality_method=frequency, numeric_features=None, numeric_imputation=mean, numeric_iterative_imputer=lightgbm, date_features=None, ignore_features=['uid', 'error_adicion'], normalize=False, normalize_method=zscore, transformation=False, transformation_method=yeo-johnson, handle_unknown_categorical=True, unknown_categorical_method=least_frequent, pca=False, pca_method=linear, pca_components=None, ignore_low_variance=False, combine_rare_levels=True, rare_level_threshold=0.1, bin_numeric_features=None, remove_outliers=False, outliers_threshold=0.05, remove_multicollinearity=False, multicollinearity_threshold=0.9, remove_perfect_collinearity=True, create_clusters=False, cluster_iter=20, polynomial_features=False, polynomial_degree=2, trigonometry_features=False, polynomial_threshold=0.1, group_features=None, group_names=None, feature_selection=False, feature_selection_threshold=0.8, feature_selection_method=classic, feature_interaction=False, feature_ratio=False, interaction_threshold=0.01, fix_imbalance=False, fix_imbalance_method=None, transform_target=False, transform_target_method=box-cox, data_split_shuffle=True, data_split_stratify=False, fold_strategy=stratifiedkfold, fold=10, fold_shuffle=False, fold_groups=None, n_jobs=-1, use_gpu=False, custom_pipeline=None, html=True, session_id=None, log_experiment=False, experiment_name=None, log_plots=False, log_profile=False, log_data=False, silent=False, verbose=True, profile=False, profile_kwargs=None, display=None)
2022-03-03 15:32:46,770:INFO:Checking environment
2022-03-03 15:32:46,771:INFO:python_version: 3.7.12
2022-03-03 15:32:46,771:INFO:python_build: ('default', 'Jan 15 2022 18:48:18')
2022-03-03 15:32:46,771:INFO:machine: x86_64
2022-03-03 15:32:46,771:INFO:platform: Linux-5.4.144+-x86_64-with-Ubuntu-18.04-bionic
2022-03-03 15:32:46,771:INFO:Memory: svmem(total=13622190080, available=12231569408, percent=10.2, used=1166516224, free=8277262336, active=1628147712, inactive=3389906944, buffers=147681280, cached=4030730240, shared=1204224, slab=251854848)
2022-03-03 15:32:46,772:INFO:Physical Core: 1
2022-03-03 15:32:46,772:INFO:Logical Core: 2
2022-03-03 15:32:46,772:INFO:Checking libraries
2022-03-03 15:32:46,772:INFO:pd==1.3.5
2022-03-03 15:32:46,773:INFO:numpy==1.21.5
2022-03-03 15:32:46,773:INFO:sklearn==0.23.2
2022-03-03 15:32:46,773:INFO:lightgbm==3.3.2
2022-03-03 15:32:46,774:WARNING:catboost not found
2022-03-03 15:32:46,832:INFO:xgboost==0.90
2022-03-03 15:32:47,172:INFO:mlflow==1.24.0
2022-03-03 15:32:47,174:INFO:Checking Exceptions
2022-03-03 15:32:47,175:INFO:Declaring global variables
2022-03-03 15:32:47,175:INFO:USI: 08bd
2022-03-03 15:32:47,175:INFO:pycaret_globals: {'USI', 'gpu_param', '_ml_usecase', 'n_jobs_param', 'experiment__', 'pycaret_globals', 'html_param', '_all_metrics', 'logging_param', '_all_models', 'fold_groups_param', 'iterative_imputation_iters_param', 'y', 'fold_generator', 'y_test', 'X', 'prep_pipe', 'target_param', 'master_model_container', 'imputation_regressor', 'log_plots_param', 'transform_target_param', '_available_plots', 'fold_groups_param_full', 'imputation_classifier', 'transform_target_method_param', '_all_models_internal', '_internal_pipeline', 'seed', 'fold_shuffle_param', 'display_container', 'X_train', 'create_model_container', '_gpu_n_jobs_param', 'data_before_preprocess', 'X_test', 'fold_param', 'fix_imbalance_param', 'fix_imbalance_method_param', 'y_train', 'stratify_param', 'exp_name_log'}
2022-03-03 15:32:47,175:INFO:Preparing display monitor
2022-03-03 15:32:47,176:INFO:Preparing display monitor
2022-03-03 15:32:47,208:INFO:Importing libraries
2022-03-03 15:32:47,208:INFO:Copying data for preprocessing
2022-03-03 15:32:47,225:INFO:Declaring preprocessing parameters
2022-03-03 15:32:47,229:INFO:Creating preprocessing pipeline
2022-03-03 15:32:47,253:INFO:Preprocessing pipeline created successfully
2022-03-03 15:32:47,253:ERROR:(Process Exit): setup has been interupted with user command 'quit'. setup must rerun.
2022-03-03 15:32:47,253:INFO:Creating global containers
2022-03-03 15:32:47,255:INFO:Internal pipeline: Pipeline(memory=None, steps=[('empty_step', 'passthrough')], verbose=False)
2022-03-03 15:32:53,925:WARNING:Wrong xgboost version. Expected xgboost>=1.1.0, got xgboost==0.90
2022-03-03 15:32:53,927:WARNING:Couldn't import catboost.CatBoostClassifier
2022-03-03 15:32:54,019:WARNING:Wrong xgboost version. Expected xgboost>=1.1.0, got xgboost==0.90
2022-03-03 15:32:54,021:WARNING:Couldn't import catboost.CatBoostClassifier
2022-03-03 15:32:54,022:INFO:Creating grid variables
2022-03-03 15:32:54,055:INFO:create_model_container: 0
2022-03-03 15:32:54,055:INFO:master_model_container: 0
2022-03-03 15:32:54,056:INFO:display_container: 1
2022-03-03 15:32:54,070:INFO:Pipeline(memory=None,
         steps=[('dtypes',
                 DataTypes_Auto_infer(categorical_features=[],
                                      display_types=True,
                                      features_todrop=['uid', 'error_adicion'],
                                      id_columns=[],
                                      ml_usecase='classification',
                                      numerical_features=[],
                                      target='error_cuantia_contrato',
                                      time_features=[])),
                ('imputer',
                 Simple_Imputer(categorical_strategy='not_available',
                                fill_value_categorical=None,
                                fi...
                ('binn', 'passthrough'), ('rem_outliers', 'passthrough'),
                ('cluster_all', 'passthrough'),
                ('dummy', Dummify(target='error_cuantia_contrato')),
                ('fix_perfect', Remove_100(target='error_cuantia_contrato')),
                ('clean_names', Clean_Colum_Names()),
                ('feature_select', 'passthrough'), ('fix_multi', 'passthrough'),
                ('dfs', 'passthrough'), ('pca', 'passthrough')],
         verbose=False)
2022-03-03 15:32:54,070:INFO:setup() succesfully completed......................................
2022-03-03 15:34:20,661:INFO:Initializing compare_models()
2022-03-03 15:34:20,661:INFO:compare_models(include=None, fold=None, round=4, cross_validation=True, sort=Accuracy, n_select=1, budget_time=None, turbo=True, errors=ignore, fit_kwargs=None, groups=None, probability_threshold=None, verbose=True, display=None, exclude=None)
2022-03-03 15:34:20,661:INFO:Checking exceptions
2022-03-03 15:34:20,663:INFO:Preparing display monitor
2022-03-03 15:34:20,663:INFO:Preparing display monitor
2022-03-03 15:34:20,727:INFO:Initializing Logistic Regression
2022-03-03 15:34:20,727:INFO:Total runtime is 6.568431854248047e-06 minutes
2022-03-03 15:34:20,746:INFO:SubProcess create_model() called ==================================
2022-03-03 15:34:20,747:INFO:Initializing create_model()
2022-03-03 15:34:20,747:INFO:create_model(estimator=lr, fold=StratifiedKFold(n_splits=10, random_state=None, shuffle=False), round=4, cross_validation=True, predict=True, fit_kwargs={}, groups=None, refit=False, verbose=False, system=False, metrics=None, add_to_model_list=True, probability_threshold=None, display=<pycaret.internal.Display.Display object at 0x7f363aded690>, kwargs={})
2022-03-03 15:34:20,748:INFO:Checking exceptions
2022-03-03 15:34:20,748:INFO:Importing libraries
2022-03-03 15:34:20,748:INFO:Copying training dataset
2022-03-03 15:34:20,751:INFO:Defining folds
2022-03-03 15:34:20,752:INFO:Declaring metric variables
2022-03-03 15:34:20,771:INFO:Importing untrained model
2022-03-03 15:34:20,790:INFO:Logistic Regression Imported succesfully
2022-03-03 15:34:20,825:INFO:Starting cross validation
2022-03-03 15:34:20,827:INFO:Cross validating with StratifiedKFold(n_splits=10, random_state=None, shuffle=False), n_jobs=-1
2022-03-03 15:34:24,927:INFO:Calculating mean and std
2022-03-03 15:34:24,931:INFO:Creating metrics dataframe
2022-03-03 15:34:24,939:INFO:Uploading results into container
2022-03-03 15:34:24,940:INFO:Uploading model into container now
2022-03-03 15:34:24,940:INFO:create_model_container: 1
2022-03-03 15:34:24,941:INFO:master_model_container: 1
2022-03-03 15:34:24,941:INFO:display_container: 2
2022-03-03 15:34:24,942:INFO:LogisticRegression(C=1.0, class_weight=None, dual=False, fit_intercept=True,
                   intercept_scaling=1, l1_ratio=None, max_iter=1000,
                   multi_class='auto', n_jobs=None, penalty='l2',
                   random_state=4728, solver='lbfgs', tol=0.0001, verbose=0,
                   warm_start=False)
2022-03-03 15:34:24,942:INFO:create_model() succesfully completed......................................
2022-03-03 15:34:25,089:INFO:SubProcess create_model() end ==================================
2022-03-03 15:34:25,089:INFO:Creating metrics dataframe
2022-03-03 15:34:25,105:INFO:Initializing K Neighbors Classifier
2022-03-03 15:34:25,106:INFO:Total runtime is 0.07298009792963664 minutes
2022-03-03 15:34:25,126:INFO:SubProcess create_model() called ==================================
2022-03-03 15:34:25,127:INFO:Initializing create_model()
2022-03-03 15:34:25,128:INFO:create_model(estimator=knn, fold=StratifiedKFold(n_splits=10, random_state=None, shuffle=False), round=4, cross_validation=True, predict=True, fit_kwargs={}, groups=None, refit=False, verbose=False, system=False, metrics=None, add_to_model_list=True, probability_threshold=None, display=<pycaret.internal.Display.Display object at 0x7f363aded690>, kwargs={})
2022-03-03 15:34:25,128:INFO:Checking exceptions
2022-03-03 15:34:25,128:INFO:Importing libraries
2022-03-03 15:34:25,128:INFO:Copying training dataset
2022-03-03 15:34:25,130:INFO:Defining folds
2022-03-03 15:34:25,131:INFO:Declaring metric variables
2022-03-03 15:34:25,149:INFO:Importing untrained model
2022-03-03 15:34:25,168:INFO:K Neighbors Classifier Imported succesfully
2022-03-03 15:34:25,217:INFO:Starting cross validation
2022-03-03 15:34:25,218:INFO:Cross validating with StratifiedKFold(n_splits=10, random_state=None, shuffle=False), n_jobs=-1
2022-03-03 15:34:26,542:INFO:Calculating mean and std
2022-03-03 15:34:26,544:INFO:Creating metrics dataframe
2022-03-03 15:34:26,554:INFO:Uploading results into container
2022-03-03 15:34:26,554:INFO:Uploading model into container now
2022-03-03 15:34:26,554:INFO:create_model_container: 2
2022-03-03 15:34:26,554:INFO:master_model_container: 2
2022-03-03 15:34:26,554:INFO:display_container: 2
2022-03-03 15:34:26,555:INFO:KNeighborsClassifier(algorithm='auto', leaf_size=30, metric='minkowski',
                     metric_params=None, n_jobs=-1, n_neighbors=5, p=2,
                     weights='uniform')
2022-03-03 15:34:26,556:INFO:create_model() succesfully completed......................................
2022-03-03 15:34:26,694:INFO:SubProcess create_model() end ==================================
2022-03-03 15:34:26,695:INFO:Creating metrics dataframe
2022-03-03 15:34:26,715:INFO:Initializing Naive Bayes
2022-03-03 15:34:26,715:INFO:Total runtime is 0.09979889392852784 minutes
2022-03-03 15:34:26,733:INFO:SubProcess create_model() called ==================================
2022-03-03 15:34:26,734:INFO:Initializing create_model()
2022-03-03 15:34:26,735:INFO:create_model(estimator=nb, fold=StratifiedKFold(n_splits=10, random_state=None, shuffle=False), round=4, cross_validation=True, predict=True, fit_kwargs={}, groups=None, refit=False, verbose=False, system=False, metrics=None, add_to_model_list=True, probability_threshold=None, display=<pycaret.internal.Display.Display object at 0x7f363aded690>, kwargs={})
2022-03-03 15:34:26,735:INFO:Checking exceptions
2022-03-03 15:34:26,735:INFO:Importing libraries
2022-03-03 15:34:26,735:INFO:Copying training dataset
2022-03-03 15:34:26,737:INFO:Defining folds
2022-03-03 15:34:26,737:INFO:Declaring metric variables
2022-03-03 15:34:26,759:INFO:Importing untrained model
2022-03-03 15:34:26,775:INFO:Naive Bayes Imported succesfully
2022-03-03 15:34:26,818:INFO:Starting cross validation
2022-03-03 15:34:26,820:INFO:Cross validating with StratifiedKFold(n_splits=10, random_state=None, shuffle=False), n_jobs=-1
2022-03-03 15:34:27,045:INFO:Calculating mean and std
2022-03-03 15:34:27,047:INFO:Creating metrics dataframe
2022-03-03 15:34:27,056:INFO:Uploading results into container
2022-03-03 15:34:27,057:INFO:Uploading model into container now
2022-03-03 15:34:27,057:INFO:create_model_container: 3
2022-03-03 15:34:27,058:INFO:master_model_container: 3
2022-03-03 15:34:27,058:INFO:display_container: 2
2022-03-03 15:34:27,058:INFO:GaussianNB(priors=None, var_smoothing=1e-09)
2022-03-03 15:34:27,059:INFO:create_model() succesfully completed......................................
2022-03-03 15:34:27,194:INFO:SubProcess create_model() end ==================================
2022-03-03 15:34:27,195:INFO:Creating metrics dataframe
2022-03-03 15:34:27,213:INFO:Initializing Decision Tree Classifier
2022-03-03 15:34:27,216:INFO:Total runtime is 0.10814431508382162 minutes
2022-03-03 15:34:27,238:INFO:SubProcess create_model() called ==================================
2022-03-03 15:34:27,239:INFO:Initializing create_model()
2022-03-03 15:34:27,240:INFO:create_model(estimator=dt, fold=StratifiedKFold(n_splits=10, random_state=None, shuffle=False), round=4, cross_validation=True, predict=True, fit_kwargs={}, groups=None, refit=False, verbose=False, system=False, metrics=None, add_to_model_list=True, probability_threshold=None, display=<pycaret.internal.Display.Display object at 0x7f363aded690>, kwargs={})
2022-03-03 15:34:27,240:INFO:Checking exceptions
2022-03-03 15:34:27,243:INFO:Importing libraries
2022-03-03 15:34:27,246:INFO:Copying training dataset
2022-03-03 15:34:27,248:INFO:Defining folds
2022-03-03 15:34:27,249:INFO:Declaring metric variables
2022-03-03 15:34:27,266:INFO:Importing untrained model
2022-03-03 15:34:27,291:INFO:Decision Tree Classifier Imported succesfully
2022-03-03 15:34:27,338:INFO:Starting cross validation
2022-03-03 15:34:27,339:INFO:Cross validating with StratifiedKFold(n_splits=10, random_state=None, shuffle=False), n_jobs=-1
2022-03-03 15:34:27,617:INFO:Calculating mean and std
2022-03-03 15:34:27,619:INFO:Creating metrics dataframe
2022-03-03 15:34:27,628:INFO:Uploading results into container
2022-03-03 15:34:27,628:INFO:Uploading model into container now
2022-03-03 15:34:27,629:INFO:create_model_container: 4
2022-03-03 15:34:27,629:INFO:master_model_container: 4
2022-03-03 15:34:27,629:INFO:display_container: 2
2022-03-03 15:34:27,630:INFO:DecisionTreeClassifier(ccp_alpha=0.0, class_weight=None, criterion='gini',
                       max_depth=None, max_features=None, max_leaf_nodes=None,
                       min_impurity_decrease=0.0, min_impurity_split=None,
                       min_samples_leaf=1, min_samples_split=2,
                       min_weight_fraction_leaf=0.0, presort='deprecated',
                       random_state=4728, splitter='best')
2022-03-03 15:34:27,630:INFO:create_model() succesfully completed......................................
2022-03-03 15:34:27,762:INFO:SubProcess create_model() end ==================================
2022-03-03 15:34:27,763:INFO:Creating metrics dataframe
2022-03-03 15:34:27,782:INFO:Initializing SVM - Linear Kernel
2022-03-03 15:34:27,782:INFO:Total runtime is 0.11758128007253012 minutes
2022-03-03 15:34:27,804:INFO:SubProcess create_model() called ==================================
2022-03-03 15:34:27,805:INFO:Initializing create_model()
2022-03-03 15:34:27,805:INFO:create_model(estimator=svm, fold=StratifiedKFold(n_splits=10, random_state=None, shuffle=False), round=4, cross_validation=True, predict=True, fit_kwargs={}, groups=None, refit=False, verbose=False, system=False, metrics=None, add_to_model_list=True, probability_threshold=None, display=<pycaret.internal.Display.Display object at 0x7f363aded690>, kwargs={})
2022-03-03 15:34:27,805:INFO:Checking exceptions
2022-03-03 15:34:27,805:INFO:Importing libraries
2022-03-03 15:34:27,805:INFO:Copying training dataset
2022-03-03 15:34:27,807:INFO:Defining folds
2022-03-03 15:34:27,808:INFO:Declaring metric variables
2022-03-03 15:34:27,826:INFO:Importing untrained model
2022-03-03 15:34:27,845:INFO:SVM - Linear Kernel Imported succesfully
2022-03-03 15:34:27,882:INFO:Starting cross validation
2022-03-03 15:34:27,884:INFO:Cross validating with StratifiedKFold(n_splits=10, random_state=None, shuffle=False), n_jobs=-1
2022-03-03 15:34:28,133:INFO:Calculating mean and std
2022-03-03 15:34:28,134:INFO:Creating metrics dataframe
2022-03-03 15:34:28,143:INFO:Uploading results into container
2022-03-03 15:34:28,144:INFO:Uploading model into container now
2022-03-03 15:34:28,146:INFO:create_model_container: 5
2022-03-03 15:34:28,146:INFO:master_model_container: 5
2022-03-03 15:34:28,146:INFO:display_container: 2
2022-03-03 15:34:28,147:INFO:SGDClassifier(alpha=0.0001, average=False, class_weight=None,
              early_stopping=False, epsilon=0.1, eta0=0.001, fit_intercept=True,
              l1_ratio=0.15, learning_rate='optimal', loss='hinge',
              max_iter=1000, n_iter_no_change=5, n_jobs=-1, penalty='l2',
              power_t=0.5, random_state=4728, shuffle=True, tol=0.001,
              validation_fraction=0.1, verbose=0, warm_start=False)
2022-03-03 15:34:28,148:INFO:create_model() succesfully completed......................................
2022-03-03 15:34:28,277:INFO:SubProcess create_model() end ==================================
2022-03-03 15:34:28,277:INFO:Creating metrics dataframe
2022-03-03 15:34:28,299:INFO:Initializing Ridge Classifier
2022-03-03 15:34:28,300:INFO:Total runtime is 0.12621287107467652 minutes
2022-03-03 15:34:28,329:INFO:SubProcess create_model() called ==================================
2022-03-03 15:34:28,330:INFO:Initializing create_model()
2022-03-03 15:34:28,330:INFO:create_model(estimator=ridge, fold=StratifiedKFold(n_splits=10, random_state=None, shuffle=False), round=4, cross_validation=True, predict=True, fit_kwargs={}, groups=None, refit=False, verbose=False, system=False, metrics=None, add_to_model_list=True, probability_threshold=None, display=<pycaret.internal.Display.Display object at 0x7f363aded690>, kwargs={})
2022-03-03 15:34:28,330:INFO:Checking exceptions
2022-03-03 15:34:28,330:INFO:Importing libraries
2022-03-03 15:34:28,330:INFO:Copying training dataset
2022-03-03 15:34:28,336:INFO:Defining folds
2022-03-03 15:34:28,337:INFO:Declaring metric variables
2022-03-03 15:34:28,358:INFO:Importing untrained model
2022-03-03 15:34:28,379:INFO:Ridge Classifier Imported succesfully
2022-03-03 15:34:28,420:INFO:Starting cross validation
2022-03-03 15:34:28,422:INFO:Cross validating with StratifiedKFold(n_splits=10, random_state=None, shuffle=False), n_jobs=-1
2022-03-03 15:34:28,640:INFO:Calculating mean and std
2022-03-03 15:34:28,642:INFO:Creating metrics dataframe
2022-03-03 15:34:28,654:INFO:Uploading results into container
2022-03-03 15:34:28,654:INFO:Uploading model into container now
2022-03-03 15:34:28,654:INFO:create_model_container: 6
2022-03-03 15:34:28,654:INFO:master_model_container: 6
2022-03-03 15:34:28,655:INFO:display_container: 2
2022-03-03 15:34:28,655:INFO:RidgeClassifier(alpha=1.0, class_weight=None, copy_X=True, fit_intercept=True,
                max_iter=None, normalize=False, random_state=4728,
                solver='auto', tol=0.001)
2022-03-03 15:34:28,656:INFO:create_model() succesfully completed......................................
2022-03-03 15:34:28,793:INFO:SubProcess create_model() end ==================================
2022-03-03 15:34:28,794:INFO:Creating metrics dataframe
2022-03-03 15:34:28,814:INFO:Initializing Random Forest Classifier
2022-03-03 15:34:28,817:INFO:Total runtime is 0.13483090400695802 minutes
2022-03-03 15:34:28,835:INFO:SubProcess create_model() called ==================================
2022-03-03 15:34:28,836:INFO:Initializing create_model()
2022-03-03 15:34:28,836:INFO:create_model(estimator=rf, fold=StratifiedKFold(n_splits=10, random_state=None, shuffle=False), round=4, cross_validation=True, predict=True, fit_kwargs={}, groups=None, refit=False, verbose=False, system=False, metrics=None, add_to_model_list=True, probability_threshold=None, display=<pycaret.internal.Display.Display object at 0x7f363aded690>, kwargs={})
2022-03-03 15:34:28,837:INFO:Checking exceptions
2022-03-03 15:34:28,837:INFO:Importing libraries
2022-03-03 15:34:28,837:INFO:Copying training dataset
2022-03-03 15:34:28,840:INFO:Defining folds
2022-03-03 15:34:28,840:INFO:Declaring metric variables
2022-03-03 15:34:28,856:INFO:Importing untrained model
2022-03-03 15:34:28,872:INFO:Random Forest Classifier Imported succesfully
2022-03-03 15:34:28,907:INFO:Starting cross validation
2022-03-03 15:34:28,909:INFO:Cross validating with StratifiedKFold(n_splits=10, random_state=None, shuffle=False), n_jobs=-1
2022-03-03 15:34:34,667:INFO:Calculating mean and std
2022-03-03 15:34:34,669:INFO:Creating metrics dataframe
2022-03-03 15:34:34,675:INFO:Uploading results into container
2022-03-03 15:34:34,681:INFO:Uploading model into container now
2022-03-03 15:34:34,681:INFO:create_model_container: 7
2022-03-03 15:34:34,681:INFO:master_model_container: 7
2022-03-03 15:34:34,683:INFO:display_container: 2
2022-03-03 15:34:34,684:INFO:RandomForestClassifier(bootstrap=True, ccp_alpha=0.0, class_weight=None,
                       criterion='gini', max_depth=None, max_features='auto',
                       max_leaf_nodes=None, max_samples=None,
                       min_impurity_decrease=0.0, min_impurity_split=None,
                       min_samples_leaf=1, min_samples_split=2,
                       min_weight_fraction_leaf=0.0, n_estimators=100,
                       n_jobs=-1, oob_score=False, random_state=4728, verbose=0,
                       warm_start=False)
2022-03-03 15:34:34,685:INFO:create_model() succesfully completed......................................
2022-03-03 15:34:34,820:INFO:SubProcess create_model() end ==================================
2022-03-03 15:34:34,821:INFO:Creating metrics dataframe
2022-03-03 15:34:34,843:INFO:Initializing Quadratic Discriminant Analysis
2022-03-03 15:34:34,845:INFO:Total runtime is 0.23529661893844606 minutes
2022-03-03 15:34:34,866:INFO:SubProcess create_model() called ==================================
2022-03-03 15:34:34,867:INFO:Initializing create_model()
2022-03-03 15:34:34,867:INFO:create_model(estimator=qda, fold=StratifiedKFold(n_splits=10, random_state=None, shuffle=False), round=4, cross_validation=True, predict=True, fit_kwargs={}, groups=None, refit=False, verbose=False, system=False, metrics=None, add_to_model_list=True, probability_threshold=None, display=<pycaret.internal.Display.Display object at 0x7f363aded690>, kwargs={})
2022-03-03 15:34:34,867:INFO:Checking exceptions
2022-03-03 15:34:34,867:INFO:Importing libraries
2022-03-03 15:34:34,868:INFO:Copying training dataset
2022-03-03 15:34:34,871:INFO:Defining folds
2022-03-03 15:34:34,871:INFO:Declaring metric variables
2022-03-03 15:34:34,887:INFO:Importing untrained model
2022-03-03 15:34:34,902:INFO:Quadratic Discriminant Analysis Imported succesfully
2022-03-03 15:34:34,937:INFO:Starting cross validation
2022-03-03 15:34:34,938:INFO:Cross validating with StratifiedKFold(n_splits=10, random_state=None, shuffle=False), n_jobs=-1
2022-03-03 15:34:35,363:INFO:Calculating mean and std
2022-03-03 15:34:35,365:INFO:Creating metrics dataframe
2022-03-03 15:34:35,375:INFO:Uploading results into container
2022-03-03 15:34:35,375:INFO:Uploading model into container now
2022-03-03 15:34:35,375:INFO:create_model_container: 8
2022-03-03 15:34:35,375:INFO:master_model_container: 8
2022-03-03 15:34:35,375:INFO:display_container: 2
2022-03-03 15:34:35,376:INFO:QuadraticDiscriminantAnalysis(priors=None, reg_param=0.0,
                              store_covariance=False, tol=0.0001)
2022-03-03 15:34:35,376:INFO:create_model() succesfully completed......................................
2022-03-03 15:34:35,511:INFO:SubProcess create_model() end ==================================
2022-03-03 15:34:35,511:INFO:Creating metrics dataframe
2022-03-03 15:34:35,538:INFO:Initializing Ada Boost Classifier
2022-03-03 15:34:35,539:INFO:Total runtime is 0.24686923027038576 minutes
2022-03-03 15:34:35,566:INFO:SubProcess create_model() called ==================================
2022-03-03 15:34:35,567:INFO:Initializing create_model()
2022-03-03 15:34:35,567:INFO:create_model(estimator=ada, fold=StratifiedKFold(n_splits=10, random_state=None, shuffle=False), round=4, cross_validation=True, predict=True, fit_kwargs={}, groups=None, refit=False, verbose=False, system=False, metrics=None, add_to_model_list=True, probability_threshold=None, display=<pycaret.internal.Display.Display object at 0x7f363aded690>, kwargs={})
2022-03-03 15:34:35,567:INFO:Checking exceptions
2022-03-03 15:34:35,568:INFO:Importing libraries
2022-03-03 15:34:35,568:INFO:Copying training dataset
2022-03-03 15:34:35,570:INFO:Defining folds
2022-03-03 15:34:35,571:INFO:Declaring metric variables
2022-03-03 15:34:35,592:INFO:Importing untrained model
2022-03-03 15:34:35,610:INFO:Ada Boost Classifier Imported succesfully
2022-03-03 15:34:35,652:INFO:Starting cross validation
2022-03-03 15:34:35,653:INFO:Cross validating with StratifiedKFold(n_splits=10, random_state=None, shuffle=False), n_jobs=-1
2022-03-03 15:34:37,534:INFO:Calculating mean and std
2022-03-03 15:34:37,535:INFO:Creating metrics dataframe
2022-03-03 15:34:37,541:INFO:Uploading results into container
2022-03-03 15:34:37,544:INFO:Uploading model into container now
2022-03-03 15:34:37,544:INFO:create_model_container: 9
2022-03-03 15:34:37,545:INFO:master_model_container: 9
2022-03-03 15:34:37,545:INFO:display_container: 2
2022-03-03 15:34:37,545:INFO:AdaBoostClassifier(algorithm='SAMME.R', base_estimator=None, learning_rate=1.0,
                   n_estimators=50, random_state=4728)
2022-03-03 15:34:37,546:INFO:create_model() succesfully completed......................................
2022-03-03 15:34:37,688:INFO:SubProcess create_model() end ==================================
2022-03-03 15:34:37,689:INFO:Creating metrics dataframe
2022-03-03 15:34:37,713:INFO:Initializing Gradient Boosting Classifier
2022-03-03 15:34:37,714:INFO:Total runtime is 0.2831099311510722 minutes
2022-03-03 15:34:37,734:INFO:SubProcess create_model() called ==================================
2022-03-03 15:34:37,735:INFO:Initializing create_model()
2022-03-03 15:34:37,735:INFO:create_model(estimator=gbc, fold=StratifiedKFold(n_splits=10, random_state=None, shuffle=False), round=4, cross_validation=True, predict=True, fit_kwargs={}, groups=None, refit=False, verbose=False, system=False, metrics=None, add_to_model_list=True, probability_threshold=None, display=<pycaret.internal.Display.Display object at 0x7f363aded690>, kwargs={})
2022-03-03 15:34:37,735:INFO:Checking exceptions
2022-03-03 15:34:37,736:INFO:Importing libraries
2022-03-03 15:34:37,736:INFO:Copying training dataset
2022-03-03 15:34:37,738:INFO:Defining folds
2022-03-03 15:34:37,738:INFO:Declaring metric variables
2022-03-03 15:34:37,763:INFO:Importing untrained model
2022-03-03 15:34:37,783:INFO:Gradient Boosting Classifier Imported succesfully
2022-03-03 15:34:37,824:INFO:Starting cross validation
2022-03-03 15:34:37,825:INFO:Cross validating with StratifiedKFold(n_splits=10, random_state=None, shuffle=False), n_jobs=-1
2022-03-03 15:34:41,641:INFO:Calculating mean and std
2022-03-03 15:34:41,643:INFO:Creating metrics dataframe
2022-03-03 15:34:41,650:INFO:Uploading results into container
2022-03-03 15:34:41,650:INFO:Uploading model into container now
2022-03-03 15:34:41,650:INFO:create_model_container: 10
2022-03-03 15:34:41,651:INFO:master_model_container: 10
2022-03-03 15:34:41,651:INFO:display_container: 2
2022-03-03 15:34:41,656:INFO:GradientBoostingClassifier(ccp_alpha=0.0, criterion='friedman_mse', init=None,
                           learning_rate=0.1, loss='deviance', max_depth=3,
                           max_features=None, max_leaf_nodes=None,
                           min_impurity_decrease=0.0, min_impurity_split=None,
                           min_samples_leaf=1, min_samples_split=2,
                           min_weight_fraction_leaf=0.0, n_estimators=100,
                           n_iter_no_change=None, presort='deprecated',
                           random_state=4728, subsample=1.0, tol=0.0001,
                           validation_fraction=0.1, verbose=0,
                           warm_start=False)
2022-03-03 15:34:41,658:INFO:create_model() succesfully completed......................................
2022-03-03 15:34:41,800:INFO:SubProcess create_model() end ==================================
2022-03-03 15:34:41,800:INFO:Creating metrics dataframe
2022-03-03 15:34:41,825:INFO:Initializing Linear Discriminant Analysis
2022-03-03 15:34:41,826:INFO:Total runtime is 0.351641313234965 minutes
2022-03-03 15:34:41,846:INFO:SubProcess create_model() called ==================================
2022-03-03 15:34:41,847:INFO:Initializing create_model()
2022-03-03 15:34:41,847:INFO:create_model(estimator=lda, fold=StratifiedKFold(n_splits=10, random_state=None, shuffle=False), round=4, cross_validation=True, predict=True, fit_kwargs={}, groups=None, refit=False, verbose=False, system=False, metrics=None, add_to_model_list=True, probability_threshold=None, display=<pycaret.internal.Display.Display object at 0x7f363aded690>, kwargs={})
2022-03-03 15:34:41,847:INFO:Checking exceptions
2022-03-03 15:34:41,847:INFO:Importing libraries
2022-03-03 15:34:41,848:INFO:Copying training dataset
2022-03-03 15:34:41,850:INFO:Defining folds
2022-03-03 15:34:41,850:INFO:Declaring metric variables
2022-03-03 15:34:41,867:INFO:Importing untrained model
2022-03-03 15:34:41,885:INFO:Linear Discriminant Analysis Imported succesfully
2022-03-03 15:34:41,927:INFO:Starting cross validation
2022-03-03 15:34:41,929:INFO:Cross validating with StratifiedKFold(n_splits=10, random_state=None, shuffle=False), n_jobs=-1
2022-03-03 15:34:42,468:INFO:Calculating mean and std
2022-03-03 15:34:42,469:INFO:Creating metrics dataframe
2022-03-03 15:34:42,479:INFO:Uploading results into container
2022-03-03 15:34:42,479:INFO:Uploading model into container now
2022-03-03 15:34:42,480:INFO:create_model_container: 11
2022-03-03 15:34:42,480:INFO:master_model_container: 11
2022-03-03 15:34:42,480:INFO:display_container: 2
2022-03-03 15:34:42,481:INFO:LinearDiscriminantAnalysis(n_components=None, priors=None, shrinkage=None,
                           solver='svd', store_covariance=False, tol=0.0001)
2022-03-03 15:34:42,481:INFO:create_model() succesfully completed......................................
2022-03-03 15:34:42,616:INFO:SubProcess create_model() end ==================================
2022-03-03 15:34:42,617:INFO:Creating metrics dataframe
2022-03-03 15:34:42,644:INFO:Initializing Extra Trees Classifier
2022-03-03 15:34:42,645:INFO:Total runtime is 0.36529770692189534 minutes
2022-03-03 15:34:42,665:INFO:SubProcess create_model() called ==================================
2022-03-03 15:34:42,666:INFO:Initializing create_model()
2022-03-03 15:34:42,666:INFO:create_model(estimator=et, fold=StratifiedKFold(n_splits=10, random_state=None, shuffle=False), round=4, cross_validation=True, predict=True, fit_kwargs={}, groups=None, refit=False, verbose=False, system=False, metrics=None, add_to_model_list=True, probability_threshold=None, display=<pycaret.internal.Display.Display object at 0x7f363aded690>, kwargs={})
2022-03-03 15:34:42,666:INFO:Checking exceptions
2022-03-03 15:34:42,667:INFO:Importing libraries
2022-03-03 15:34:42,667:INFO:Copying training dataset
2022-03-03 15:34:42,670:INFO:Defining folds
2022-03-03 15:34:42,670:INFO:Declaring metric variables
2022-03-03 15:34:42,688:INFO:Importing untrained model
2022-03-03 15:34:42,711:INFO:Extra Trees Classifier Imported succesfully
2022-03-03 15:34:42,755:INFO:Starting cross validation
2022-03-03 15:34:42,756:INFO:Cross validating with StratifiedKFold(n_splits=10, random_state=None, shuffle=False), n_jobs=-1
2022-03-03 15:34:48,366:INFO:Calculating mean and std
2022-03-03 15:34:48,369:INFO:Creating metrics dataframe
2022-03-03 15:34:48,383:INFO:Uploading results into container
2022-03-03 15:34:48,384:INFO:Uploading model into container now
2022-03-03 15:34:48,386:INFO:create_model_container: 12
2022-03-03 15:34:48,386:INFO:master_model_container: 12
2022-03-03 15:34:48,386:INFO:display_container: 2
2022-03-03 15:34:48,387:INFO:ExtraTreesClassifier(bootstrap=False, ccp_alpha=0.0, class_weight=None,
                     criterion='gini', max_depth=None, max_features='auto',
                     max_leaf_nodes=None, max_samples=None,
                     min_impurity_decrease=0.0, min_impurity_split=None,
                     min_samples_leaf=1, min_samples_split=2,
                     min_weight_fraction_leaf=0.0, n_estimators=100, n_jobs=-1,
                     oob_score=False, random_state=4728, verbose=0,
                     warm_start=False)
2022-03-03 15:34:48,388:INFO:create_model() succesfully completed......................................
2022-03-03 15:34:48,522:INFO:SubProcess create_model() end ==================================
2022-03-03 15:34:48,522:INFO:Creating metrics dataframe
2022-03-03 15:34:48,543:INFO:Initializing Light Gradient Boosting Machine
2022-03-03 15:34:48,544:INFO:Total runtime is 0.4636085987091064 minutes
2022-03-03 15:34:48,562:INFO:SubProcess create_model() called ==================================
2022-03-03 15:34:48,564:INFO:Initializing create_model()
2022-03-03 15:34:48,564:INFO:create_model(estimator=lightgbm, fold=StratifiedKFold(n_splits=10, random_state=None, shuffle=False), round=4, cross_validation=True, predict=True, fit_kwargs={}, groups=None, refit=False, verbose=False, system=False, metrics=None, add_to_model_list=True, probability_threshold=None, display=<pycaret.internal.Display.Display object at 0x7f363aded690>, kwargs={})
2022-03-03 15:34:48,564:INFO:Checking exceptions
2022-03-03 15:34:48,564:INFO:Importing libraries
2022-03-03 15:34:48,564:INFO:Copying training dataset
2022-03-03 15:34:48,566:INFO:Defining folds
2022-03-03 15:34:48,571:INFO:Declaring metric variables
2022-03-03 15:34:48,586:INFO:Importing untrained model
2022-03-03 15:34:48,605:INFO:Light Gradient Boosting Machine Imported succesfully
2022-03-03 15:34:48,642:INFO:Starting cross validation
2022-03-03 15:34:48,643:INFO:Cross validating with StratifiedKFold(n_splits=10, random_state=None, shuffle=False), n_jobs=-1
2022-03-03 15:34:49,969:INFO:Calculating mean and std
2022-03-03 15:34:49,970:INFO:Creating metrics dataframe
2022-03-03 15:34:49,980:INFO:Uploading results into container
2022-03-03 15:34:49,981:INFO:Uploading model into container now
2022-03-03 15:34:49,981:INFO:create_model_container: 13
2022-03-03 15:34:49,981:INFO:master_model_container: 13
2022-03-03 15:34:49,981:INFO:display_container: 2
2022-03-03 15:34:49,982:INFO:LGBMClassifier(boosting_type='gbdt', class_weight=None, colsample_bytree=1.0,
               importance_type='split', learning_rate=0.1, max_depth=-1,
               min_child_samples=20, min_child_weight=0.001, min_split_gain=0.0,
               n_estimators=100, n_jobs=-1, num_leaves=31, objective=None,
               random_state=4728, reg_alpha=0.0, reg_lambda=0.0, silent='warn',
               subsample=1.0, subsample_for_bin=200000, subsample_freq=0)
2022-03-03 15:34:49,983:INFO:create_model() succesfully completed......................................
2022-03-03 15:34:50,114:INFO:SubProcess create_model() end ==================================
2022-03-03 15:34:50,114:INFO:Creating metrics dataframe
2022-03-03 15:34:50,136:INFO:Initializing Dummy Classifier
2022-03-03 15:34:50,136:INFO:Total runtime is 0.49015533924102783 minutes
2022-03-03 15:34:50,162:INFO:SubProcess create_model() called ==================================
2022-03-03 15:34:50,164:INFO:Initializing create_model()
2022-03-03 15:34:50,166:INFO:create_model(estimator=dummy, fold=StratifiedKFold(n_splits=10, random_state=None, shuffle=False), round=4, cross_validation=True, predict=True, fit_kwargs={}, groups=None, refit=False, verbose=False, system=False, metrics=None, add_to_model_list=True, probability_threshold=None, display=<pycaret.internal.Display.Display object at 0x7f363aded690>, kwargs={})
2022-03-03 15:34:50,166:INFO:Checking exceptions
2022-03-03 15:34:50,166:INFO:Importing libraries
2022-03-03 15:34:50,166:INFO:Copying training dataset
2022-03-03 15:34:50,171:INFO:Defining folds
2022-03-03 15:34:50,171:INFO:Declaring metric variables
2022-03-03 15:34:50,186:INFO:Importing untrained model
2022-03-03 15:34:50,203:INFO:Dummy Classifier Imported succesfully
2022-03-03 15:34:50,244:INFO:Starting cross validation
2022-03-03 15:34:50,246:INFO:Cross validating with StratifiedKFold(n_splits=10, random_state=None, shuffle=False), n_jobs=-1
2022-03-03 15:34:50,429:INFO:Calculating mean and std
2022-03-03 15:34:50,431:INFO:Creating metrics dataframe
2022-03-03 15:34:50,442:INFO:Uploading results into container
2022-03-03 15:34:50,442:INFO:Uploading model into container now
2022-03-03 15:34:50,442:INFO:create_model_container: 14
2022-03-03 15:34:50,443:INFO:master_model_container: 14
2022-03-03 15:34:50,443:INFO:display_container: 2
2022-03-03 15:34:50,444:INFO:DummyClassifier(constant=None, random_state=4728, strategy='prior')
2022-03-03 15:34:50,444:INFO:create_model() succesfully completed......................................
2022-03-03 15:34:50,577:INFO:SubProcess create_model() end ==================================
2022-03-03 15:34:50,578:INFO:Creating metrics dataframe
2022-03-03 15:34:50,658:INFO:Initializing create_model()
2022-03-03 15:34:50,660:INFO:create_model(estimator=LGBMClassifier(boosting_type='gbdt', class_weight=None, colsample_bytree=1.0,
               importance_type='split', learning_rate=0.1, max_depth=-1,
               min_child_samples=20, min_child_weight=0.001, min_split_gain=0.0,
               n_estimators=100, n_jobs=-1, num_leaves=31, objective=None,
               random_state=4728, reg_alpha=0.0, reg_lambda=0.0, silent='warn',
               subsample=1.0, subsample_for_bin=200000, subsample_freq=0), fold=StratifiedKFold(n_splits=10, random_state=None, shuffle=False), round=4, cross_validation=False, predict=False, fit_kwargs={}, groups=None, refit=True, verbose=False, system=False, metrics=None, add_to_model_list=True, probability_threshold=None, display=None, kwargs={})
2022-03-03 15:34:50,661:INFO:Checking exceptions
2022-03-03 15:34:50,661:INFO:Importing libraries
2022-03-03 15:34:50,662:INFO:Copying training dataset
2022-03-03 15:34:50,663:INFO:Defining folds
2022-03-03 15:34:50,663:INFO:Declaring metric variables
2022-03-03 15:34:50,663:INFO:Importing untrained model
2022-03-03 15:34:50,663:INFO:Declaring custom model
2022-03-03 15:34:50,665:INFO:Light Gradient Boosting Machine Imported succesfully
2022-03-03 15:34:50,666:INFO:Cross validation set to False
2022-03-03 15:34:50,666:INFO:Fitting Model
2022-03-03 15:34:50,780:INFO:LGBMClassifier(boosting_type='gbdt', class_weight=None, colsample_bytree=1.0,
               importance_type='split', learning_rate=0.1, max_depth=-1,
               min_child_samples=20, min_child_weight=0.001, min_split_gain=0.0,
               n_estimators=100, n_jobs=-1, num_leaves=31, objective=None,
               random_state=4728, reg_alpha=0.0, reg_lambda=0.0, silent='warn',
               subsample=1.0, subsample_for_bin=200000, subsample_freq=0)
2022-03-03 15:34:50,781:INFO:create_models() succesfully completed......................................
2022-03-03 15:34:50,965:INFO:create_model_container: 14
2022-03-03 15:34:50,967:INFO:master_model_container: 14
2022-03-03 15:34:50,969:INFO:display_container: 2
2022-03-03 15:34:50,972:INFO:LGBMClassifier(boosting_type='gbdt', class_weight=None, colsample_bytree=1.0,
               importance_type='split', learning_rate=0.1, max_depth=-1,
               min_child_samples=20, min_child_weight=0.001, min_split_gain=0.0,
               n_estimators=100, n_jobs=-1, num_leaves=31, objective=None,
               random_state=4728, reg_alpha=0.0, reg_lambda=0.0, silent='warn',
               subsample=1.0, subsample_for_bin=200000, subsample_freq=0)
2022-03-03 15:34:50,973:INFO:compare_models() succesfully completed......................................
2022-03-03 15:35:19,816:INFO:Initializing create_model()
2022-03-03 15:35:19,817:INFO:create_model(estimator=rf, fold=None, round=4, cross_validation=True, predict=True, fit_kwargs=None, groups=None, refit=True, verbose=True, system=True, metrics=None, add_to_model_list=True, probability_threshold=None, display=None, kwargs={})
2022-03-03 15:35:19,817:INFO:Checking exceptions
2022-03-03 15:35:19,817:INFO:Preparing display monitor
2022-03-03 15:35:19,863:INFO:Importing libraries
2022-03-03 15:35:19,864:INFO:Copying training dataset
2022-03-03 15:35:19,867:INFO:Defining folds
2022-03-03 15:35:19,867:INFO:Declaring metric variables
2022-03-03 15:35:19,892:INFO:Importing untrained model
2022-03-03 15:35:19,914:INFO:Random Forest Classifier Imported succesfully
2022-03-03 15:35:19,963:INFO:Starting cross validation
2022-03-03 15:35:19,965:INFO:Cross validating with StratifiedKFold(n_splits=10, random_state=None, shuffle=False), n_jobs=-1
2022-03-03 15:35:25,753:INFO:Calculating mean and std
2022-03-03 15:35:25,757:INFO:Creating metrics dataframe
2022-03-03 15:35:25,789:INFO:Finalizing model
2022-03-03 15:35:26,561:INFO:Uploading results into container
2022-03-03 15:35:26,561:INFO:Uploading model into container now
2022-03-03 15:35:26,591:INFO:create_model_container: 15
2022-03-03 15:35:26,591:INFO:master_model_container: 15
2022-03-03 15:35:26,591:INFO:display_container: 3
2022-03-03 15:35:26,592:INFO:RandomForestClassifier(bootstrap=True, ccp_alpha=0.0, class_weight=None,
                       criterion='gini', max_depth=None, max_features='auto',
                       max_leaf_nodes=None, max_samples=None,
                       min_impurity_decrease=0.0, min_impurity_split=None,
                       min_samples_leaf=1, min_samples_split=2,
                       min_weight_fraction_leaf=0.0, n_estimators=100,
                       n_jobs=-1, oob_score=False, random_state=4728, verbose=0,
                       warm_start=False)
2022-03-03 15:35:26,592:INFO:create_model() succesfully completed......................................
2022-03-03 15:36:33,669:INFO:Initializing plot_model()
2022-03-03 15:36:33,676:INFO:plot_model(fold=None, use_train_data=False, verbose=True, is_in_evaluate=False, display=None, display_format=None, estimator=RandomForestClassifier(bootstrap=True, ccp_alpha=0.0, class_weight=None,
                       criterion='gini', max_depth=None, max_features='auto',
                       max_leaf_nodes=None, max_samples=None,
                       min_impurity_decrease=0.0, min_impurity_split=None,
                       min_samples_leaf=1, min_samples_split=2,
                       min_weight_fraction_leaf=0.0, n_estimators=100,
                       n_jobs=-1, oob_score=False, random_state=4728, verbose=0,
                       warm_start=False), feature_name=None, fit_kwargs=None, groups=None, label=False, plot=confusion_matrix, plot_kwargs=None, save=False, scale=1, system=True)
2022-03-03 15:36:33,678:INFO:Checking exceptions
2022-03-03 15:36:33,789:INFO:Preparing display monitor
2022-03-03 15:36:33,834:INFO:Preloading libraries
2022-03-03 15:36:33,875:INFO:Copying training dataset
2022-03-03 15:36:33,877:INFO:Copying test dataset
2022-03-03 15:36:33,879:INFO:Plot type: confusion_matrix
2022-03-03 15:36:34,093:INFO:Initializing get_config()
2022-03-03 15:36:34,094:INFO:get_config(variable=prep_pipe)
2022-03-03 15:36:34,106:INFO:Global variable: prep_pipe returned as Pipeline(memory=None,
         steps=[('dtypes',
                 DataTypes_Auto_infer(categorical_features=[],
                                      display_types=True,
                                      features_todrop=['uid', 'error_adicion'],
                                      id_columns=[],
                                      ml_usecase='classification',
                                      numerical_features=[],
                                      target='error_cuantia_contrato',
                                      time_features=[])),
                ('imputer',
                 Simple_Imputer(categorical_strategy='not_available',
                                fill_value_categorical=None,
                                fi...
                ('binn', 'passthrough'), ('rem_outliers', 'passthrough'),
                ('cluster_all', 'passthrough'),
                ('dummy', Dummify(target='error_cuantia_contrato')),
                ('fix_perfect', Remove_100(target='error_cuantia_contrato')),
                ('clean_names', Clean_Colum_Names()),
                ('feature_select', 'passthrough'), ('fix_multi', 'passthrough'),
                ('dfs', 'passthrough'), ('pca', 'passthrough')],
         verbose=False)
2022-03-03 15:36:34,106:INFO:get_config() succesfully completed......................................
2022-03-03 15:36:34,108:INFO:Fitting Model
2022-03-03 15:36:34,115:INFO:Scoring test/hold-out set
2022-03-03 15:36:34,667:INFO:Visual Rendered Successfully
2022-03-03 15:36:34,904:INFO:plot_model() succesfully completed......................................
